<?xml version="1.0" encoding="UTF-8"?>
<testsuite name="SILab2Test" tests="2" skipped="0" failures="0" errors="0" timestamp="2020-06-11T17:56:34" hostname="DESKTOP-70LTCDR" time="0.113">
  <properties/>
  <testcase name="multipleConditions()" classname="SILab2Test" time="0.092"/>
  <testcase name="testEveryPath()" classname="SILab2Test" time="0.017"/>
  <system-out><![CDATA[]]></system-out>
  <system-err><![CDATA[]]></system-err>
</testsuite>
